c:\users\ghost\source\repos\pinned\pinned\debug\vc141.pdb
c:\users\ghost\source\repos\pinned\pinned\debug\settings.obj
c:\users\ghost\source\repos\pinned\pinned\debug\custom.obj
c:\users\ghost\source\repos\pinned\pinned\debug\.netframework,version=v4.6.1.assemblyattributes.obj
c:\users\ghost\source\repos\pinned\pinned\debug\.netframework,version=v4.6.1.assemblyattributes.asm
c:\users\ghost\source\repos\pinned\pinned\debug\myform.obj
c:\users\ghost\source\repos\pinned\debug\pinned.exe
c:\users\ghost\source\repos\pinned\debug\pinned.pdb
c:\users\ghost\source\repos\pinned\pinned\debug\pinned.myform.resources
c:\users\ghost\source\repos\pinned\pinned\debug\pinned.settings.resources
c:\users\ghost\source\repos\pinned\pinned\debug\pinned.res
c:\users\ghost\source\repos\pinned\pinned\debug\pinned.vcxproj.generateresource.cache
c:\users\ghost\source\repos\pinned\pinned\debug\pinned.vcxprojassemblyreference.cache
c:\users\ghost\source\repos\pinned\pinned\debug\pinned.tlog\cl.command.1.tlog
c:\users\ghost\source\repos\pinned\pinned\debug\pinned.tlog\cl.read.1.tlog
c:\users\ghost\source\repos\pinned\pinned\debug\pinned.tlog\cl.write.1.tlog
c:\users\ghost\source\repos\pinned\pinned\debug\pinned.tlog\link.command.1.tlog
c:\users\ghost\source\repos\pinned\pinned\debug\pinned.tlog\link.read.1.tlog
c:\users\ghost\source\repos\pinned\pinned\debug\pinned.tlog\link.write.1.tlog
c:\users\ghost\source\repos\pinned\pinned\debug\pinned.tlog\metagen.read.1.tlog
c:\users\ghost\source\repos\pinned\pinned\debug\pinned.tlog\metagen.write.1.tlog
c:\users\ghost\source\repos\pinned\pinned\debug\pinned.tlog\pinned.write.1u.tlog
c:\users\ghost\source\repos\pinned\pinned\debug\pinned.tlog\rc.command.1.tlog
c:\users\ghost\source\repos\pinned\pinned\debug\pinned.tlog\rc.read.1.tlog
c:\users\ghost\source\repos\pinned\pinned\debug\pinned.tlog\rc.write.1.tlog
