c:\users\ghost\source\repos\pinned\pinned\release\vc141.pdb
c:\users\ghost\source\repos\pinned\pinned\release\settings.obj
c:\users\ghost\source\repos\pinned\pinned\release\custom.obj
c:\users\ghost\source\repos\pinned\pinned\release\.netframework,version=v4.6.1.assemblyattributes.obj
c:\users\ghost\source\repos\pinned\pinned\release\.netframework,version=v4.6.1.assemblyattributes.asm
c:\users\ghost\source\repos\pinned\pinned\release\myform.obj
c:\users\ghost\source\repos\pinned\release\pinned.exe
c:\users\ghost\source\repos\pinned\release\pinned.pdb
c:\users\ghost\source\repos\pinned\pinned\release\pinned.myform.resources
c:\users\ghost\source\repos\pinned\pinned\release\pinned.settings.resources
c:\users\ghost\source\repos\pinned\pinned\release\pinned.res
c:\users\ghost\source\repos\pinned\pinned\release\pinned.vcxproj.generateresource.cache
c:\users\ghost\source\repos\pinned\pinned\release\pinned.tlog\cl.command.1.tlog
c:\users\ghost\source\repos\pinned\pinned\release\pinned.tlog\cl.read.1.tlog
c:\users\ghost\source\repos\pinned\pinned\release\pinned.tlog\cl.write.1.tlog
c:\users\ghost\source\repos\pinned\pinned\release\pinned.tlog\link.command.1.tlog
c:\users\ghost\source\repos\pinned\pinned\release\pinned.tlog\link.read.1.tlog
c:\users\ghost\source\repos\pinned\pinned\release\pinned.tlog\link.write.1.tlog
c:\users\ghost\source\repos\pinned\pinned\release\pinned.tlog\metagen.read.1.tlog
c:\users\ghost\source\repos\pinned\pinned\release\pinned.tlog\metagen.write.1.tlog
c:\users\ghost\source\repos\pinned\pinned\release\pinned.tlog\pinned.write.1u.tlog
c:\users\ghost\source\repos\pinned\pinned\release\pinned.tlog\rc.command.1.tlog
c:\users\ghost\source\repos\pinned\pinned\release\pinned.tlog\rc.read.1.tlog
c:\users\ghost\source\repos\pinned\pinned\release\pinned.tlog\rc.write.1.tlog
